<?xml version="1.0" encoding="UTF-8"?>
<!-- Generated by org.testng.reporters.JUnitXMLReporter -->
<testsuite ignored="0" hostname="sagar" failures="0" tests="8" name="Test" time="0.052" errors="0" timestamp="2022-11-29T14:05:41 IST">
  <testcase classname="test_suite.testNG1" name="test01" time="0.004"/>
  <testcase classname="test_suite.testNG1" name="test02" time="0.001"/>
  <testcase classname="test_suite.testNG1" name="test03" time="0.001"/>
  <testcase classname="test_suite.testNG1" name="test04" time="0.001"/>
  <testcase classname="test_suite.testNG2" name="test11" time="0.0"/>
  <testcase classname="test_suite.testNG2" name="test12" time="0.001"/>
  <testcase classname="test_suite.testNG2" name="test13" time="0.0"/>
  <testcase classname="test_suite.testNG2" name="test14" time="0.001"/>
</testsuite> <!-- Test -->
